[1.217s] DEBUG:colcon:Command line arguments: ['/usr/bin/colcon', 'build', '--packages-select', 'my_ompl']
[1.217s] DEBUG:colcon:Parsed command line arguments: Namespace(log_base=None, log_level=None, verb_name='build', build_base='build', install_base='install', merge_install=False, symlink_install=False, test_result_base=None, continue_on_error=False, executor='parallel', parallel_workers=16, event_handlers=None, ignore_user_meta=False, metas=['./colcon.meta'], base_paths=['.'], packages_ignore=None, packages_ignore_regex=None, paths=None, packages_up_to=None, packages_up_to_regex=None, packages_above=None, packages_above_and_dependencies=None, packages_above_depth=None, packages_select_by_dep=None, packages_skip_by_dep=None, packages_skip_up_to=None, packages_select_build_failed=False, packages_skip_build_finished=False, packages_select_test_failures=False, packages_skip_test_passed=False, packages_select=['my_ompl'], packages_skip=None, packages_select_regex=None, packages_skip_regex=None, packages_start=None, packages_end=None, allow_overriding=[], cmake_args=None, cmake_target=None, cmake_target_skip_unavailable=False, cmake_clean_cache=False, cmake_clean_first=False, cmake_force_configure=False, ament_cmake_args=None, catkin_cmake_args=None, catkin_skip_building_tests=False, mixin_files=None, mixin=None, verb_parser=<colcon_mixin.mixin.mixin_argument.MixinArgumentDecorator object at 0x7fdb0883dc90>, verb_extension=<colcon_core.verb.build.BuildVerb object at 0x7fdb0883d9c0>, main=<bound method BuildVerb.main of <colcon_core.verb.build.BuildVerb object at 0x7fdb0883d9c0>>, mixin_verb=('build',))
[1.262s] Level 1:colcon.colcon_core.package_discovery:discover_packages(colcon_meta) check parameters
[1.262s] Level 1:colcon.colcon_core.package_discovery:discover_packages(recursive) check parameters
[1.262s] Level 1:colcon.colcon_core.package_discovery:discover_packages(ignore) check parameters
[1.262s] Level 1:colcon.colcon_core.package_discovery:discover_packages(path) check parameters
[1.262s] Level 1:colcon.colcon_core.package_discovery:discover_packages(colcon_meta) discover
[1.262s] Level 1:colcon.colcon_core.package_discovery:discover_packages(recursive) discover
[1.262s] INFO:colcon.colcon_core.package_discovery:Crawling recursively for packages in '/home/erl-tianyu/Nikola_ws/ros2_ws/src/my_ompl'
[1.262s] Level 1:colcon.colcon_core.package_identification:_identify(.) by extensions ['ignore', 'ignore_ament_install']
[1.263s] Level 1:colcon.colcon_core.package_identification:_identify(.) by extension 'ignore'
[1.263s] Level 1:colcon.colcon_core.package_identification:_identify(.) by extension 'ignore_ament_install'
[1.263s] Level 1:colcon.colcon_core.package_identification:_identify(.) by extensions ['colcon_pkg']
[1.263s] Level 1:colcon.colcon_core.package_identification:_identify(.) by extension 'colcon_pkg'
[1.263s] Level 1:colcon.colcon_core.package_identification:_identify(.) by extensions ['colcon_meta']
[1.263s] Level 1:colcon.colcon_core.package_identification:_identify(.) by extension 'colcon_meta'
[1.263s] Level 1:colcon.colcon_core.package_identification:_identify(.) by extensions ['ros']
[1.263s] Level 1:colcon.colcon_core.package_identification:_identify(.) by extension 'ros'
[1.271s] Level 1:colcon.colcon_core.package_identification:_identify(.) by extensions ['cmake', 'python']
[1.271s] Level 1:colcon.colcon_core.package_identification:_identify(.) by extension 'cmake'
[1.271s] Level 1:colcon.colcon_core.package_identification:_identify(.) by extension 'python'
[1.271s] Level 1:colcon.colcon_core.package_identification:_identify(.) by extensions ['python_setup_py']
[1.271s] Level 1:colcon.colcon_core.package_identification:_identify(.) by extension 'python_setup_py'
[1.271s] Level 1:colcon.colcon_core.package_identification:_identify(build) by extensions ['ignore', 'ignore_ament_install']
[1.271s] Level 1:colcon.colcon_core.package_identification:_identify(build) by extension 'ignore'
[1.271s] Level 1:colcon.colcon_core.package_identification:_identify(build) ignored
[1.271s] Level 1:colcon.colcon_core.package_identification:_identify(cpp) by extensions ['ignore', 'ignore_ament_install']
[1.271s] Level 1:colcon.colcon_core.package_identification:_identify(cpp) by extension 'ignore'
[1.271s] Level 1:colcon.colcon_core.package_identification:_identify(cpp) by extension 'ignore_ament_install'
[1.271s] Level 1:colcon.colcon_core.package_identification:_identify(cpp) by extensions ['colcon_pkg']
[1.271s] Level 1:colcon.colcon_core.package_identification:_identify(cpp) by extension 'colcon_pkg'
[1.271s] Level 1:colcon.colcon_core.package_identification:_identify(cpp) by extensions ['colcon_meta']
[1.271s] Level 1:colcon.colcon_core.package_identification:_identify(cpp) by extension 'colcon_meta'
[1.271s] Level 1:colcon.colcon_core.package_identification:_identify(cpp) by extensions ['ros']
[1.271s] Level 1:colcon.colcon_core.package_identification:_identify(cpp) by extension 'ros'
[1.272s] Level 1:colcon.colcon_core.package_identification:_identify(cpp) by extensions ['cmake', 'python']
[1.272s] Level 1:colcon.colcon_core.package_identification:_identify(cpp) by extension 'cmake'
[1.272s] Level 1:colcon.colcon_core.package_identification:_identify(cpp) by extension 'python'
[1.273s] DEBUG:colcon.colcon_core.package_identification:Package 'cpp' with type 'cmake' and name 'my_ompl'
[1.273s] Level 1:colcon.colcon_core.package_identification:_identify(install) by extensions ['ignore', 'ignore_ament_install']
[1.273s] Level 1:colcon.colcon_core.package_identification:_identify(install) by extension 'ignore'
[1.273s] Level 1:colcon.colcon_core.package_identification:_identify(install) ignored
[1.273s] Level 1:colcon.colcon_core.package_identification:_identify(log) by extensions ['ignore', 'ignore_ament_install']
[1.273s] Level 1:colcon.colcon_core.package_identification:_identify(log) by extension 'ignore'
[1.273s] Level 1:colcon.colcon_core.package_identification:_identify(log) ignored
[1.273s] Level 1:colcon.colcon_core.package_identification:_identify(python) by extensions ['ignore', 'ignore_ament_install']
[1.273s] Level 1:colcon.colcon_core.package_identification:_identify(python) by extension 'ignore'
[1.273s] Level 1:colcon.colcon_core.package_identification:_identify(python) by extension 'ignore_ament_install'
[1.273s] Level 1:colcon.colcon_core.package_identification:_identify(python) by extensions ['colcon_pkg']
[1.273s] Level 1:colcon.colcon_core.package_identification:_identify(python) by extension 'colcon_pkg'
[1.273s] Level 1:colcon.colcon_core.package_identification:_identify(python) by extensions ['colcon_meta']
[1.273s] Level 1:colcon.colcon_core.package_identification:_identify(python) by extension 'colcon_meta'
[1.273s] Level 1:colcon.colcon_core.package_identification:_identify(python) by extensions ['ros']
[1.273s] Level 1:colcon.colcon_core.package_identification:_identify(python) by extension 'ros'
[1.273s] Level 1:colcon.colcon_core.package_identification:_identify(python) by extensions ['cmake', 'python']
[1.273s] Level 1:colcon.colcon_core.package_identification:_identify(python) by extension 'cmake'
[1.273s] Level 1:colcon.colcon_core.package_identification:_identify(python) by extension 'python'
[1.273s] Level 1:colcon.colcon_core.package_identification:_identify(python) by extensions ['python_setup_py']
[1.273s] Level 1:colcon.colcon_core.package_identification:_identify(python) by extension 'python_setup_py'
[1.274s] Level 1:colcon.colcon_core.package_identification:_identify(python/__pycache__) by extensions ['ignore', 'ignore_ament_install']
[1.274s] Level 1:colcon.colcon_core.package_identification:_identify(python/__pycache__) by extension 'ignore'
[1.274s] Level 1:colcon.colcon_core.package_identification:_identify(python/__pycache__) by extension 'ignore_ament_install'
[1.274s] Level 1:colcon.colcon_core.package_identification:_identify(python/__pycache__) by extensions ['colcon_pkg']
[1.274s] Level 1:colcon.colcon_core.package_identification:_identify(python/__pycache__) by extension 'colcon_pkg'
[1.274s] Level 1:colcon.colcon_core.package_identification:_identify(python/__pycache__) by extensions ['colcon_meta']
[1.274s] Level 1:colcon.colcon_core.package_identification:_identify(python/__pycache__) by extension 'colcon_meta'
[1.274s] Level 1:colcon.colcon_core.package_identification:_identify(python/__pycache__) by extensions ['ros']
[1.274s] Level 1:colcon.colcon_core.package_identification:_identify(python/__pycache__) by extension 'ros'
[1.274s] Level 1:colcon.colcon_core.package_identification:_identify(python/__pycache__) by extensions ['cmake', 'python']
[1.274s] Level 1:colcon.colcon_core.package_identification:_identify(python/__pycache__) by extension 'cmake'
[1.274s] Level 1:colcon.colcon_core.package_identification:_identify(python/__pycache__) by extension 'python'
[1.274s] Level 1:colcon.colcon_core.package_identification:_identify(python/__pycache__) by extensions ['python_setup_py']
[1.274s] Level 1:colcon.colcon_core.package_identification:_identify(python/__pycache__) by extension 'python_setup_py'
[1.274s] Level 1:colcon.colcon_core.package_discovery:discover_packages(recursive) using defaults
[1.274s] Level 1:colcon.colcon_core.package_discovery:discover_packages(ignore) discover
[1.274s] Level 1:colcon.colcon_core.package_discovery:discover_packages(ignore) using defaults
[1.274s] Level 1:colcon.colcon_core.package_discovery:discover_packages(path) discover
[1.274s] Level 1:colcon.colcon_core.package_discovery:discover_packages(path) using defaults
[1.361s] Level 1:colcon.colcon_core.package_discovery:discover_packages(prefix_path) check parameters
[1.361s] Level 1:colcon.colcon_core.package_discovery:discover_packages(prefix_path) discover
[1.390s] DEBUG:colcon.colcon_installed_package_information.package_discovery:Found 7 installed packages in /home/erl-tianyu/Nikola_ws/ros2_ws/install
[1.405s] DEBUG:colcon.colcon_installed_package_information.package_discovery:Found 282 installed packages in /opt/ros/humble
[1.406s] Level 1:colcon.colcon_core.package_discovery:discover_packages(prefix_path) using defaults
[1.485s] Level 5:colcon.colcon_core.verb:set package 'my_ompl' build argument 'cmake_args' from command line to 'None'
[1.485s] Level 5:colcon.colcon_core.verb:set package 'my_ompl' build argument 'cmake_target' from command line to 'None'
[1.485s] Level 5:colcon.colcon_core.verb:set package 'my_ompl' build argument 'cmake_target_skip_unavailable' from command line to 'False'
[1.485s] Level 5:colcon.colcon_core.verb:set package 'my_ompl' build argument 'cmake_clean_cache' from command line to 'False'
[1.485s] Level 5:colcon.colcon_core.verb:set package 'my_ompl' build argument 'cmake_clean_first' from command line to 'False'
[1.485s] Level 5:colcon.colcon_core.verb:set package 'my_ompl' build argument 'cmake_force_configure' from command line to 'False'
[1.485s] Level 5:colcon.colcon_core.verb:set package 'my_ompl' build argument 'ament_cmake_args' from command line to 'None'
[1.485s] Level 5:colcon.colcon_core.verb:set package 'my_ompl' build argument 'catkin_cmake_args' from command line to 'None'
[1.485s] Level 5:colcon.colcon_core.verb:set package 'my_ompl' build argument 'catkin_skip_building_tests' from command line to 'False'
[1.485s] DEBUG:colcon.colcon_core.verb:Building package 'my_ompl' with the following arguments: {'ament_cmake_args': None, 'build_base': '/home/erl-tianyu/Nikola_ws/ros2_ws/src/my_ompl/build/my_ompl', 'catkin_cmake_args': None, 'catkin_skip_building_tests': False, 'cmake_args': None, 'cmake_clean_cache': False, 'cmake_clean_first': False, 'cmake_force_configure': False, 'cmake_target': None, 'cmake_target_skip_unavailable': False, 'install_base': '/home/erl-tianyu/Nikola_ws/ros2_ws/src/my_ompl/install/my_ompl', 'merge_install': False, 'path': '/home/erl-tianyu/Nikola_ws/ros2_ws/src/my_ompl/cpp', 'symlink_install': False, 'test_result_base': None}
[1.499s] INFO:colcon.colcon_core.executor:Executing jobs using 'parallel' executor
[1.514s] DEBUG:colcon.colcon_parallel_executor.executor.parallel:run_until_complete
[1.514s] INFO:colcon.colcon_cmake.task.cmake.build:Building CMake package in '/home/erl-tianyu/Nikola_ws/ros2_ws/src/my_ompl/cpp'
[1.530s] INFO:colcon.colcon_core.plugin_system:Skipping extension 'colcon_core.shell.bat': Not used on non-Windows systems
[1.530s] INFO:colcon.colcon_core.shell:Skip shell extension 'powershell' for command environment: Not usable outside of PowerShell
[1.530s] DEBUG:colcon.colcon_core.shell:Skip shell extension 'dsv' for command environment
[1.579s] DEBUG:colcon.colcon_core.event_handler.log_command:Invoking command in '/home/erl-tianyu/Nikola_ws/ros2_ws/src/my_ompl/build/my_ompl': PS1=(virtualenv_Nikola) \[\e]0;\u@\h: \w\a\]${debian_chroot:+($debian_chroot)}\[\033[01;32m\]\u@\h\[\033[00m\]:\[\033[01;34m\]\w\[\033[00m\]\$ VIRTUAL_ENV_PROMPT=(virtualenv_Nikola) /usr/bin/cmake --build /home/erl-tianyu/Nikola_ws/ros2_ws/src/my_ompl/build/my_ompl -- -j16 -l16
[2.647s] DEBUG:colcon.colcon_core.event_handler.log_command:Invoked command in '/home/erl-tianyu/Nikola_ws/ros2_ws/src/my_ompl/build/my_ompl' returned '2': PS1=(virtualenv_Nikola) \[\e]0;\u@\h: \w\a\]${debian_chroot:+($debian_chroot)}\[\033[01;32m\]\u@\h\[\033[00m\]:\[\033[01;34m\]\w\[\033[00m\]\$ VIRTUAL_ENV_PROMPT=(virtualenv_Nikola) /usr/bin/cmake --build /home/erl-tianyu/Nikola_ws/ros2_ws/src/my_ompl/build/my_ompl -- -j16 -l16
[2.657s] DEBUG:colcon.colcon_parallel_executor.executor.parallel:closing loop
[2.657s] DEBUG:colcon.colcon_parallel_executor.executor.parallel:loop closed
[2.657s] DEBUG:colcon.colcon_parallel_executor.executor.parallel:run_until_complete finished with '2'
[2.657s] DEBUG:colcon.colcon_core.event_reactor:joining thread
[2.676s] INFO:colcon.colcon_core.plugin_system:Skipping extension 'colcon_notification.desktop_notification.terminal_notifier': Not used on non-Darwin systems
[2.676s] INFO:colcon.colcon_core.plugin_system:Skipping extension 'colcon_notification.desktop_notification.win32': Not used on non-Windows systems
[2.676s] INFO:colcon.colcon_notification.desktop_notification:Sending desktop notification using 'notify2'
[2.685s] DEBUG:colcon.colcon_core.event_reactor:joined thread
[2.700s] INFO:colcon.colcon_core.shell:Creating prefix script '/home/erl-tianyu/Nikola_ws/ros2_ws/src/my_ompl/install/local_setup.ps1'
[2.700s] INFO:colcon.colcon_core.shell:Creating prefix util module '/home/erl-tianyu/Nikola_ws/ros2_ws/src/my_ompl/install/_local_setup_util_ps1.py'
[2.701s] INFO:colcon.colcon_core.shell:Creating prefix chain script '/home/erl-tianyu/Nikola_ws/ros2_ws/src/my_ompl/install/setup.ps1'
[2.716s] INFO:colcon.colcon_core.shell:Creating prefix script '/home/erl-tianyu/Nikola_ws/ros2_ws/src/my_ompl/install/local_setup.sh'
[2.716s] INFO:colcon.colcon_core.shell:Creating prefix util module '/home/erl-tianyu/Nikola_ws/ros2_ws/src/my_ompl/install/_local_setup_util_sh.py'
[2.717s] INFO:colcon.colcon_core.shell:Creating prefix chain script '/home/erl-tianyu/Nikola_ws/ros2_ws/src/my_ompl/install/setup.sh'
[2.732s] INFO:colcon.colcon_core.shell:Creating prefix script '/home/erl-tianyu/Nikola_ws/ros2_ws/src/my_ompl/install/local_setup.bash'
[2.732s] INFO:colcon.colcon_core.shell:Creating prefix chain script '/home/erl-tianyu/Nikola_ws/ros2_ws/src/my_ompl/install/setup.bash'
[2.747s] INFO:colcon.colcon_core.shell:Creating prefix script '/home/erl-tianyu/Nikola_ws/ros2_ws/src/my_ompl/install/local_setup.zsh'
[2.747s] INFO:colcon.colcon_core.shell:Creating prefix chain script '/home/erl-tianyu/Nikola_ws/ros2_ws/src/my_ompl/install/setup.zsh'
