[1.180s] DEBUG:colcon:Command line arguments: ['/usr/bin/colcon', 'build', '--packages-select', 'my_ompl']
[1.180s] DEBUG:colcon:Parsed command line arguments: Namespace(log_base=None, log_level=None, verb_name='build', build_base='build', install_base='install', merge_install=False, symlink_install=False, test_result_base=None, continue_on_error=False, executor='parallel', parallel_workers=16, event_handlers=None, ignore_user_meta=False, metas=['./colcon.meta'], base_paths=['.'], packages_ignore=None, packages_ignore_regex=None, paths=None, packages_up_to=None, packages_up_to_regex=None, packages_above=None, packages_above_and_dependencies=None, packages_above_depth=None, packages_select_by_dep=None, packages_skip_by_dep=None, packages_skip_up_to=None, packages_select_build_failed=False, packages_skip_build_finished=False, packages_select_test_failures=False, packages_skip_test_passed=False, packages_select=['my_ompl'], packages_skip=None, packages_select_regex=None, packages_skip_regex=None, packages_start=None, packages_end=None, allow_overriding=[], cmake_args=None, cmake_target=None, cmake_target_skip_unavailable=False, cmake_clean_cache=False, cmake_clean_first=False, cmake_force_configure=False, ament_cmake_args=None, catkin_cmake_args=None, catkin_skip_building_tests=False, mixin_files=None, mixin=None, verb_parser=<colcon_mixin.mixin.mixin_argument.MixinArgumentDecorator object at 0x7f8606141c60>, verb_extension=<colcon_core.verb.build.BuildVerb object at 0x7f8606141990>, main=<bound method BuildVerb.main of <colcon_core.verb.build.BuildVerb object at 0x7f8606141990>>, mixin_verb=('build',))
[1.225s] Level 1:colcon.colcon_core.package_discovery:discover_packages(colcon_meta) check parameters
[1.225s] Level 1:colcon.colcon_core.package_discovery:discover_packages(recursive) check parameters
[1.225s] Level 1:colcon.colcon_core.package_discovery:discover_packages(ignore) check parameters
[1.225s] Level 1:colcon.colcon_core.package_discovery:discover_packages(path) check parameters
[1.225s] Level 1:colcon.colcon_core.package_discovery:discover_packages(colcon_meta) discover
[1.225s] Level 1:colcon.colcon_core.package_discovery:discover_packages(recursive) discover
[1.225s] INFO:colcon.colcon_core.package_discovery:Crawling recursively for packages in '/home/erl-tianyu/Nikola_ws/ros2_ws/src/my_ompl'
[1.225s] Level 1:colcon.colcon_core.package_identification:_identify(.) by extensions ['ignore', 'ignore_ament_install']
[1.225s] Level 1:colcon.colcon_core.package_identification:_identify(.) by extension 'ignore'
[1.225s] Level 1:colcon.colcon_core.package_identification:_identify(.) by extension 'ignore_ament_install'
[1.225s] Level 1:colcon.colcon_core.package_identification:_identify(.) by extensions ['colcon_pkg']
[1.225s] Level 1:colcon.colcon_core.package_identification:_identify(.) by extension 'colcon_pkg'
[1.225s] Level 1:colcon.colcon_core.package_identification:_identify(.) by extensions ['colcon_meta']
[1.225s] Level 1:colcon.colcon_core.package_identification:_identify(.) by extension 'colcon_meta'
[1.225s] Level 1:colcon.colcon_core.package_identification:_identify(.) by extensions ['ros']
[1.225s] Level 1:colcon.colcon_core.package_identification:_identify(.) by extension 'ros'
[1.233s] Level 1:colcon.colcon_core.package_identification:_identify(.) by extensions ['cmake', 'python']
[1.234s] Level 1:colcon.colcon_core.package_identification:_identify(.) by extension 'cmake'
[1.234s] Level 1:colcon.colcon_core.package_identification:_identify(.) by extension 'python'
[1.234s] Level 1:colcon.colcon_core.package_identification:_identify(.) by extensions ['python_setup_py']
[1.234s] Level 1:colcon.colcon_core.package_identification:_identify(.) by extension 'python_setup_py'
[1.234s] Level 1:colcon.colcon_core.package_identification:_identify(build) by extensions ['ignore', 'ignore_ament_install']
[1.234s] Level 1:colcon.colcon_core.package_identification:_identify(build) by extension 'ignore'
[1.234s] Level 1:colcon.colcon_core.package_identification:_identify(build) ignored
[1.234s] Level 1:colcon.colcon_core.package_identification:_identify(cpp) by extensions ['ignore', 'ignore_ament_install']
[1.234s] Level 1:colcon.colcon_core.package_identification:_identify(cpp) by extension 'ignore'
[1.234s] Level 1:colcon.colcon_core.package_identification:_identify(cpp) by extension 'ignore_ament_install'
[1.234s] Level 1:colcon.colcon_core.package_identification:_identify(cpp) by extensions ['colcon_pkg']
[1.234s] Level 1:colcon.colcon_core.package_identification:_identify(cpp) by extension 'colcon_pkg'
[1.234s] Level 1:colcon.colcon_core.package_identification:_identify(cpp) by extensions ['colcon_meta']
[1.234s] Level 1:colcon.colcon_core.package_identification:_identify(cpp) by extension 'colcon_meta'
[1.234s] Level 1:colcon.colcon_core.package_identification:_identify(cpp) by extensions ['ros']
[1.234s] Level 1:colcon.colcon_core.package_identification:_identify(cpp) by extension 'ros'
[1.234s] Level 1:colcon.colcon_core.package_identification:_identify(cpp) by extensions ['cmake', 'python']
[1.234s] Level 1:colcon.colcon_core.package_identification:_identify(cpp) by extension 'cmake'
[1.235s] Level 1:colcon.colcon_core.package_identification:_identify(cpp) by extension 'python'
[1.235s] DEBUG:colcon.colcon_core.package_identification:Package 'cpp' with type 'cmake' and name 'my_ompl'
[1.235s] Level 1:colcon.colcon_core.package_identification:_identify(install) by extensions ['ignore', 'ignore_ament_install']
[1.235s] Level 1:colcon.colcon_core.package_identification:_identify(install) by extension 'ignore'
[1.236s] Level 1:colcon.colcon_core.package_identification:_identify(install) ignored
[1.236s] Level 1:colcon.colcon_core.package_identification:_identify(log) by extensions ['ignore', 'ignore_ament_install']
[1.236s] Level 1:colcon.colcon_core.package_identification:_identify(log) by extension 'ignore'
[1.236s] Level 1:colcon.colcon_core.package_identification:_identify(log) ignored
[1.236s] Level 1:colcon.colcon_core.package_identification:_identify(python) by extensions ['ignore', 'ignore_ament_install']
[1.236s] Level 1:colcon.colcon_core.package_identification:_identify(python) by extension 'ignore'
[1.236s] Level 1:colcon.colcon_core.package_identification:_identify(python) by extension 'ignore_ament_install'
[1.236s] Level 1:colcon.colcon_core.package_identification:_identify(python) by extensions ['colcon_pkg']
[1.236s] Level 1:colcon.colcon_core.package_identification:_identify(python) by extension 'colcon_pkg'
[1.236s] Level 1:colcon.colcon_core.package_identification:_identify(python) by extensions ['colcon_meta']
[1.236s] Level 1:colcon.colcon_core.package_identification:_identify(python) by extension 'colcon_meta'
[1.236s] Level 1:colcon.colcon_core.package_identification:_identify(python) by extensions ['ros']
[1.236s] Level 1:colcon.colcon_core.package_identification:_identify(python) by extension 'ros'
[1.236s] Level 1:colcon.colcon_core.package_identification:_identify(python) by extensions ['cmake', 'python']
[1.236s] Level 1:colcon.colcon_core.package_identification:_identify(python) by extension 'cmake'
[1.236s] Level 1:colcon.colcon_core.package_identification:_identify(python) by extension 'python'
[1.236s] Level 1:colcon.colcon_core.package_identification:_identify(python) by extensions ['python_setup_py']
[1.236s] Level 1:colcon.colcon_core.package_identification:_identify(python) by extension 'python_setup_py'
[1.236s] Level 1:colcon.colcon_core.package_identification:_identify(python/__pycache__) by extensions ['ignore', 'ignore_ament_install']
[1.236s] Level 1:colcon.colcon_core.package_identification:_identify(python/__pycache__) by extension 'ignore'
[1.236s] Level 1:colcon.colcon_core.package_identification:_identify(python/__pycache__) by extension 'ignore_ament_install'
[1.236s] Level 1:colcon.colcon_core.package_identification:_identify(python/__pycache__) by extensions ['colcon_pkg']
[1.236s] Level 1:colcon.colcon_core.package_identification:_identify(python/__pycache__) by extension 'colcon_pkg'
[1.236s] Level 1:colcon.colcon_core.package_identification:_identify(python/__pycache__) by extensions ['colcon_meta']
[1.237s] Level 1:colcon.colcon_core.package_identification:_identify(python/__pycache__) by extension 'colcon_meta'
[1.237s] Level 1:colcon.colcon_core.package_identification:_identify(python/__pycache__) by extensions ['ros']
[1.237s] Level 1:colcon.colcon_core.package_identification:_identify(python/__pycache__) by extension 'ros'
[1.237s] Level 1:colcon.colcon_core.package_identification:_identify(python/__pycache__) by extensions ['cmake', 'python']
[1.237s] Level 1:colcon.colcon_core.package_identification:_identify(python/__pycache__) by extension 'cmake'
[1.237s] Level 1:colcon.colcon_core.package_identification:_identify(python/__pycache__) by extension 'python'
[1.237s] Level 1:colcon.colcon_core.package_identification:_identify(python/__pycache__) by extensions ['python_setup_py']
[1.237s] Level 1:colcon.colcon_core.package_identification:_identify(python/__pycache__) by extension 'python_setup_py'
[1.237s] Level 1:colcon.colcon_core.package_discovery:discover_packages(recursive) using defaults
[1.237s] Level 1:colcon.colcon_core.package_discovery:discover_packages(ignore) discover
[1.237s] Level 1:colcon.colcon_core.package_discovery:discover_packages(ignore) using defaults
[1.237s] Level 1:colcon.colcon_core.package_discovery:discover_packages(path) discover
[1.237s] Level 1:colcon.colcon_core.package_discovery:discover_packages(path) using defaults
[1.323s] Level 1:colcon.colcon_core.package_discovery:discover_packages(prefix_path) check parameters
[1.323s] Level 1:colcon.colcon_core.package_discovery:discover_packages(prefix_path) discover
[1.352s] DEBUG:colcon.colcon_installed_package_information.package_discovery:Found 7 installed packages in /home/erl-tianyu/Nikola_ws/ros2_ws/install
[1.367s] DEBUG:colcon.colcon_installed_package_information.package_discovery:Found 282 installed packages in /opt/ros/humble
[1.368s] Level 1:colcon.colcon_core.package_discovery:discover_packages(prefix_path) using defaults
[1.446s] Level 5:colcon.colcon_core.verb:set package 'my_ompl' build argument 'cmake_args' from command line to 'None'
[1.446s] Level 5:colcon.colcon_core.verb:set package 'my_ompl' build argument 'cmake_target' from command line to 'None'
[1.446s] Level 5:colcon.colcon_core.verb:set package 'my_ompl' build argument 'cmake_target_skip_unavailable' from command line to 'False'
[1.446s] Level 5:colcon.colcon_core.verb:set package 'my_ompl' build argument 'cmake_clean_cache' from command line to 'False'
[1.446s] Level 5:colcon.colcon_core.verb:set package 'my_ompl' build argument 'cmake_clean_first' from command line to 'False'
[1.446s] Level 5:colcon.colcon_core.verb:set package 'my_ompl' build argument 'cmake_force_configure' from command line to 'False'
[1.446s] Level 5:colcon.colcon_core.verb:set package 'my_ompl' build argument 'ament_cmake_args' from command line to 'None'
[1.446s] Level 5:colcon.colcon_core.verb:set package 'my_ompl' build argument 'catkin_cmake_args' from command line to 'None'
[1.446s] Level 5:colcon.colcon_core.verb:set package 'my_ompl' build argument 'catkin_skip_building_tests' from command line to 'False'
[1.446s] DEBUG:colcon.colcon_core.verb:Building package 'my_ompl' with the following arguments: {'ament_cmake_args': None, 'build_base': '/home/erl-tianyu/Nikola_ws/ros2_ws/src/my_ompl/build/my_ompl', 'catkin_cmake_args': None, 'catkin_skip_building_tests': False, 'cmake_args': None, 'cmake_clean_cache': False, 'cmake_clean_first': False, 'cmake_force_configure': False, 'cmake_target': None, 'cmake_target_skip_unavailable': False, 'install_base': '/home/erl-tianyu/Nikola_ws/ros2_ws/src/my_ompl/install/my_ompl', 'merge_install': False, 'path': '/home/erl-tianyu/Nikola_ws/ros2_ws/src/my_ompl/cpp', 'symlink_install': False, 'test_result_base': None}
[1.462s] INFO:colcon.colcon_core.executor:Executing jobs using 'parallel' executor
[1.477s] DEBUG:colcon.colcon_parallel_executor.executor.parallel:run_until_complete
[1.477s] INFO:colcon.colcon_cmake.task.cmake.build:Building CMake package in '/home/erl-tianyu/Nikola_ws/ros2_ws/src/my_ompl/cpp'
[1.492s] INFO:colcon.colcon_core.plugin_system:Skipping extension 'colcon_core.shell.bat': Not used on non-Windows systems
[1.493s] INFO:colcon.colcon_core.shell:Skip shell extension 'powershell' for command environment: Not usable outside of PowerShell
[1.493s] DEBUG:colcon.colcon_core.shell:Skip shell extension 'dsv' for command environment
[1.541s] DEBUG:colcon.colcon_core.event_handler.log_command:Invoking command in '/home/erl-tianyu/Nikola_ws/ros2_ws/src/my_ompl/build/my_ompl': PS1=(virtualenv_Nikola) \[\e]0;\u@\h: \w\a\]${debian_chroot:+($debian_chroot)}\[\033[01;32m\]\u@\h\[\033[00m\]:\[\033[01;34m\]\w\[\033[00m\]\$ VIRTUAL_ENV_PROMPT=(virtualenv_Nikola) /usr/bin/cmake --build /home/erl-tianyu/Nikola_ws/ros2_ws/src/my_ompl/build/my_ompl -- -j16 -l16
[3.141s] DEBUG:colcon.colcon_core.event_handler.log_command:Invoked command in '/home/erl-tianyu/Nikola_ws/ros2_ws/src/my_ompl/build/my_ompl' returned '0': PS1=(virtualenv_Nikola) \[\e]0;\u@\h: \w\a\]${debian_chroot:+($debian_chroot)}\[\033[01;32m\]\u@\h\[\033[00m\]:\[\033[01;34m\]\w\[\033[00m\]\$ VIRTUAL_ENV_PROMPT=(virtualenv_Nikola) /usr/bin/cmake --build /home/erl-tianyu/Nikola_ws/ros2_ws/src/my_ompl/build/my_ompl -- -j16 -l16
[3.159s] DEBUG:colcon.colcon_core.event_handler.log_command:Invoking command in '/home/erl-tianyu/Nikola_ws/ros2_ws/src/my_ompl/build/my_ompl': PS1=(virtualenv_Nikola) \[\e]0;\u@\h: \w\a\]${debian_chroot:+($debian_chroot)}\[\033[01;32m\]\u@\h\[\033[00m\]:\[\033[01;34m\]\w\[\033[00m\]\$ VIRTUAL_ENV_PROMPT=(virtualenv_Nikola) /usr/bin/cmake --install /home/erl-tianyu/Nikola_ws/ros2_ws/src/my_ompl/build/my_ompl
[3.165s] Level 1:colcon.colcon_core.environment:create_environment_scripts_only(my_ompl)
[3.165s] DEBUG:colcon.colcon_core.event_handler.log_command:Invoked command in '/home/erl-tianyu/Nikola_ws/ros2_ws/src/my_ompl/build/my_ompl' returned '0': PS1=(virtualenv_Nikola) \[\e]0;\u@\h: \w\a\]${debian_chroot:+($debian_chroot)}\[\033[01;32m\]\u@\h\[\033[00m\]:\[\033[01;34m\]\w\[\033[00m\]\$ VIRTUAL_ENV_PROMPT=(virtualenv_Nikola) /usr/bin/cmake --install /home/erl-tianyu/Nikola_ws/ros2_ws/src/my_ompl/build/my_ompl
[3.181s] Level 1:colcon.colcon_core.environment:checking '/home/erl-tianyu/Nikola_ws/ros2_ws/src/my_ompl/install/my_ompl' for CMake module files
[3.181s] Level 1:colcon.colcon_core.environment:checking '/home/erl-tianyu/Nikola_ws/ros2_ws/src/my_ompl/install/my_ompl' for CMake config files
[3.182s] Level 1:colcon.colcon_core.environment:checking '/home/erl-tianyu/Nikola_ws/ros2_ws/src/my_ompl/install/my_ompl/lib'
[3.182s] Level 1:colcon.colcon_core.environment:checking '/home/erl-tianyu/Nikola_ws/ros2_ws/src/my_ompl/install/my_ompl/bin'
[3.182s] Level 1:colcon.colcon_core.environment:checking '/home/erl-tianyu/Nikola_ws/ros2_ws/src/my_ompl/install/my_ompl/lib/pkgconfig/my_ompl.pc'
[3.182s] Level 1:colcon.colcon_core.environment:checking '/home/erl-tianyu/Nikola_ws/ros2_ws/src/my_ompl/install/my_ompl/lib/python3.10/site-packages'
[3.182s] Level 1:colcon.colcon_core.environment:checking '/home/erl-tianyu/Nikola_ws/ros2_ws/src/my_ompl/install/my_ompl/bin'
[3.196s] INFO:colcon.colcon_core.shell:Creating package script '/home/erl-tianyu/Nikola_ws/ros2_ws/src/my_ompl/install/my_ompl/share/my_ompl/package.ps1'
[3.197s] INFO:colcon.colcon_core.shell:Creating package descriptor '/home/erl-tianyu/Nikola_ws/ros2_ws/src/my_ompl/install/my_ompl/share/my_ompl/package.dsv'
[3.197s] INFO:colcon.colcon_core.shell:Creating package script '/home/erl-tianyu/Nikola_ws/ros2_ws/src/my_ompl/install/my_ompl/share/my_ompl/package.sh'
[3.197s] INFO:colcon.colcon_core.shell:Creating package script '/home/erl-tianyu/Nikola_ws/ros2_ws/src/my_ompl/install/my_ompl/share/my_ompl/package.bash'
[3.198s] INFO:colcon.colcon_core.shell:Creating package script '/home/erl-tianyu/Nikola_ws/ros2_ws/src/my_ompl/install/my_ompl/share/my_ompl/package.zsh'
[3.198s] Level 1:colcon.colcon_core.environment:create_file_with_runtime_dependencies(/home/erl-tianyu/Nikola_ws/ros2_ws/src/my_ompl/install/my_ompl/share/colcon-core/packages/my_ompl)
[3.198s] DEBUG:colcon.colcon_parallel_executor.executor.parallel:closing loop
[3.199s] DEBUG:colcon.colcon_parallel_executor.executor.parallel:loop closed
[3.199s] DEBUG:colcon.colcon_parallel_executor.executor.parallel:run_until_complete finished with '0'
[3.199s] DEBUG:colcon.colcon_core.event_reactor:joining thread
[3.218s] INFO:colcon.colcon_core.plugin_system:Skipping extension 'colcon_notification.desktop_notification.terminal_notifier': Not used on non-Darwin systems
[3.218s] INFO:colcon.colcon_core.plugin_system:Skipping extension 'colcon_notification.desktop_notification.win32': Not used on non-Windows systems
[3.218s] INFO:colcon.colcon_notification.desktop_notification:Sending desktop notification using 'notify2'
[3.225s] DEBUG:colcon.colcon_core.event_reactor:joined thread
[3.240s] INFO:colcon.colcon_core.shell:Creating prefix script '/home/erl-tianyu/Nikola_ws/ros2_ws/src/my_ompl/install/local_setup.ps1'
[3.240s] INFO:colcon.colcon_core.shell:Creating prefix util module '/home/erl-tianyu/Nikola_ws/ros2_ws/src/my_ompl/install/_local_setup_util_ps1.py'
[3.241s] INFO:colcon.colcon_core.shell:Creating prefix chain script '/home/erl-tianyu/Nikola_ws/ros2_ws/src/my_ompl/install/setup.ps1'
[3.256s] INFO:colcon.colcon_core.shell:Creating prefix script '/home/erl-tianyu/Nikola_ws/ros2_ws/src/my_ompl/install/local_setup.sh'
[3.256s] INFO:colcon.colcon_core.shell:Creating prefix util module '/home/erl-tianyu/Nikola_ws/ros2_ws/src/my_ompl/install/_local_setup_util_sh.py'
[3.256s] INFO:colcon.colcon_core.shell:Creating prefix chain script '/home/erl-tianyu/Nikola_ws/ros2_ws/src/my_ompl/install/setup.sh'
[3.272s] INFO:colcon.colcon_core.shell:Creating prefix script '/home/erl-tianyu/Nikola_ws/ros2_ws/src/my_ompl/install/local_setup.bash'
[3.272s] INFO:colcon.colcon_core.shell:Creating prefix chain script '/home/erl-tianyu/Nikola_ws/ros2_ws/src/my_ompl/install/setup.bash'
[3.286s] INFO:colcon.colcon_core.shell:Creating prefix script '/home/erl-tianyu/Nikola_ws/ros2_ws/src/my_ompl/install/local_setup.zsh'
[3.287s] INFO:colcon.colcon_core.shell:Creating prefix chain script '/home/erl-tianyu/Nikola_ws/ros2_ws/src/my_ompl/install/setup.zsh'
